2025-03-31 07:32:21,093 - root - INFO - Запуск приложения...
2025-03-31 07:32:21,336 - root - INFO - Вебхук отсутствует или устарел. Обновляем...
2025-03-31 07:32:21,595 - root - ERROR - Ошибка при настройке webhook: 400 Client Error: Bad Request for url: https://api.telegram.org/bot8163508486:AAGjS5FF9HOjURlfMLhPBezki1hJOzbpeMA/setWebhook
2025-03-31 07:34:08,316 - root - INFO - Запуск приложения...
2025-03-31 07:34:08,578 - root - INFO - Вебхук отсутствует или устарел. Обновляем...
2025-03-31 07:34:08,838 - root - ERROR - Ошибка при настройке webhook: 400 Client Error: Bad Request for url: https://api.telegram.org/bot8163508486:AAGjS5FF9HOjURlfMLhPBezki1hJOzbpeMA/setWebhook
2025-03-31 07:35:28,743 - root - INFO - Запуск приложения...
2025-03-31 07:35:28,998 - root - INFO - Вебхук отсутствует или устарел. Обновляем...
2025-03-31 07:35:29,250 - root - ERROR - Ошибка при настройке webhook: 400 Client Error: Bad Request for url: https://api.telegram.org/bot8163508486:AAGjS5FF9HOjURlfMLhPBezki1hJOzbpeMA/setWebhook
2025-03-31 07:52:52,467 - root - INFO - Запуск приложения...
2025-03-31 07:52:52,734 - root - INFO - Вебхук отсутствует или устарел. Обновляем...
2025-03-31 07:52:52,984 - root - ERROR - Ошибка при настройке webhook...
2025-03-31 07:56:10,695 - root - INFO - Запуск приложения...
2025-03-31 07:56:10,956 - root - INFO - Вебхук отсутствует или устарел. Обновляем...
2025-03-31 07:56:10,957 - root - INFO - https://f4dr1.pythonanywhere.com/tg_bot
2025-03-31 07:56:11,202 - root - ERROR - Ошибка при настройке webhook...
2025-03-31 07:58:56,349 - root - INFO - Запуск приложения...
2025-03-31 07:58:56,614 - root - INFO - Вебхук отсутствует или устарел. Обновляем...
2025-03-31 07:58:56,614 - root - INFO - Параметры запроса сформированы
2025-03-31 07:58:56,868 - root - INFO - response = requests.post(url, data=params)
2025-03-31 07:58:56,868 - root - ERROR - Ошибка при настройке webhook...
